2025-11-28 11:21:55,369 INFO HTTP 200, 5 records
2025-11-28 11:22:10,217 INFO HTTP 200, 5 records
2025-11-29 12:37:38,743 INFO HTTP 200, 5 records
2025-11-29 12:50:33,572 INFO HTTP 200, 5 records
2025-12-01 00:15:13,227 INFO HTTP 200, 5 records
2025-12-01 01:36:15,585 INFO extract: HTTP 200, 168 hourly records
2025-12-01 01:37:15,923 INFO extract: HTTP 200, 168 hourly records
2025-12-01 01:42:47,772 INFO extract: HTTP 200, 168 hourly records
2025-12-01 02:26:06,926 INFO extract: HTTP 200, 168 hourly records
2025-12-01 02:26:40,242 INFO extract: HTTP 200, 168 hourly records
2025-12-01 02:43:48,681 INFO extract: HTTP 200, 168 hourly records
2025-12-01 03:16:32,886 INFO extract: HTTP 200, 168 hourly records
2025-12-01 03:16:32,951 INFO write_daily_summary: wrote 9 rows to data\daily_summary\daily_summary.csv
2025-12-01 03:18:32,705 INFO extract: HTTP 200, 168 hourly records
2025-12-01 03:18:32,757 INFO write_daily_summary: wrote 9 rows to data\daily_summary\daily_summary.csv
2025-12-01 03:18:45,608 INFO extract: HTTP 200, 168 hourly records
2025-12-01 03:18:45,645 INFO write_daily_summary: wrote 9 rows to data\daily_summary\daily_summary.csv
2025-12-01 23:30:57,614 INFO extract: HTTP 200, 168 hourly records
2025-12-01 23:30:57,696 INFO write_daily_summary: wrote 9 rows to data\daily_summary\daily_summary.csv
2025-12-01 23:47:28,715 INFO extract: HTTP 200, 168 hourly records
2025-12-01 23:47:28,808 INFO write_daily_summary: wrote 9 rows to data\daily_summary\daily_summary.csv
2025-12-01 23:53:34,791 INFO extract: HTTP 200, 168 hourly records
2025-12-01 23:53:34,850 INFO write_daily_summary: wrote 9 rows to data\daily_summary\daily_summary.csv
2025-12-02 00:05:59,057 INFO extract: HTTP 200, 168 hourly records
2025-12-02 00:05:59,109 INFO write_daily_summary: wrote 9 rows to data\daily_summary\daily_summary.csv
2025-12-02 00:06:29,109 INFO extract: HTTP 200, 168 hourly records
2025-12-02 00:06:29,159 INFO write_daily_summary: wrote 9 rows to data\daily_summary\daily_summary.csv
2025-12-02 00:29:26,667 INFO extract: HTTP 200, 168 hourly records
2025-12-02 00:29:26,720 INFO write_daily_summary: wrote 9 rows to data\daily_summary\daily_summary.csv
2025-12-02 00:29:40,381 INFO extract: HTTP 200, 168 hourly records
2025-12-02 00:29:40,437 INFO write_daily_summary: wrote 9 rows to data\daily_summary\daily_summary.csv
2025-12-02 00:30:04,656 INFO extract: HTTP 200, 168 hourly records
2025-12-02 00:30:04,706 INFO write_daily_summary: wrote 9 rows to data\daily_summary\daily_summary.csv
2025-12-02 00:36:14,628 INFO extract: HTTP 200, 168 hourly records
2025-12-02 00:36:14,679 INFO write_daily_summary: wrote 9 rows to data\daily_summary\daily_summary.csv
2025-12-03 12:34:16,415 INFO extract: HTTP 200, 168 hourly records
2025-12-03 12:34:16,490 INFO write_daily_summary: wrote 9 rows to data\daily_summary\daily_summary.csv
2025-12-03 12:43:13,993 INFO extract: HTTP 200, 168 hourly records
2025-12-03 12:43:14,055 INFO write_daily_summary: wrote 9 rows to data\daily_summary\daily_summary.csv
2025-12-03 12:43:25,590 INFO extract: HTTP 200, 168 hourly records
2025-12-03 12:43:25,636 INFO write_daily_summary: wrote 9 rows to data\daily_summary\daily_summary.csv
2025-12-03 12:52:51,725 INFO extract: HTTP 200, 168 hourly records
2025-12-03 12:52:51,788 INFO write_daily_summary: wrote 9 rows to data\daily_summary\daily_summary.csv
2025-12-03 12:53:07,976 INFO extract: HTTP 200, 168 hourly records
2025-12-03 12:53:08,022 INFO write_daily_summary: wrote 9 rows to data\daily_summary\daily_summary.csv
2025-12-12 13:45:50,078 INFO extract: HTTP 200, 168 hourly records
2025-12-12 13:45:50,174 INFO write_daily_summary: wrote 9 rows to data\daily_summary\daily_summary.csv
2025-12-12 13:45:58,520 WARNING telemetry not sent: {'sent': 0, 'cleared': False, 'error': "HTTPConnectionPool(host='127.0.0.1', port=8000): Max retries exceeded with url: /etl/events (Caused by NewConnectionError('<urllib3.connection.HTTPConnection object at 0x0000012CB8151A90>: Failed to establish a new connection: [WinError 10061] No connection could be made because the target machine actively refused it'))"}
2025-12-14 10:15:01,764 INFO extract: HTTP 200, 168 hourly records
2025-12-14 10:16:39,571 INFO extract: HTTP 200, 168 hourly records
2025-12-14 10:17:43,012 INFO extract: HTTP 200, 168 hourly records
2025-12-14 10:18:04,096 INFO extract: HTTP 200, 168 hourly records
2025-12-14 10:18:13,153 INFO extract: HTTP 200, 168 hourly records
2025-12-14 10:18:23,857 INFO extract: HTTP 200, 168 hourly records
2025-12-14 10:18:52,232 INFO extract: HTTP 200, 168 hourly records
2025-12-14 10:18:52,335 INFO write_daily_summary: wrote 9 rows to data\daily_summary\daily_summary.csv
2025-12-14 10:19:00,761 WARNING telemetry not sent: {'sent': 0, 'cleared': False, 'error': "HTTPConnectionPool(host='127.0.0.1', port=8000): Max retries exceeded with url: /etl/events (Caused by NewConnectionError('<urllib3.connection.HTTPConnection object at 0x000001FC3C425D10>: Failed to establish a new connection: [WinError 10061] No connection could be made because the target machine actively refused it'))"}
2025-12-14 10:20:55,463 INFO extract: HTTP 200, 168 hourly records
2025-12-14 10:20:55,545 INFO write_daily_summary: wrote 9 rows to data\daily_summary\daily_summary.csv
2025-12-14 10:20:57,857 WARNING telemetry not sent: {'sent': 0, 'cleared': False, 'error': 'HTTP 404: {"detail":"Not Found"}'}
2025-12-14 10:24:46,335 INFO extract: HTTP 200, 168 hourly records
2025-12-14 10:24:46,408 INFO write_daily_summary: wrote 9 rows to data\daily_summary\daily_summary.csv
2025-12-14 10:24:48,721 WARNING telemetry not sent: {'sent': 0, 'cleared': False, 'error': 'HTTP 404: {"detail":"Not Found"}'}
2025-12-14 10:27:45,908 INFO extract: HTTP 200, 168 hourly records
2025-12-14 10:27:46,003 INFO write_daily_summary: wrote 9 rows to data\daily_summary\daily_summary.csv
2025-12-14 10:27:48,449 WARNING telemetry not sent: {'sent': 0, 'cleared': False, 'error': 'HTTP 422: {"detail":[{"type":"missing","loc":["body","events",0,"event_type"],"msg":"Field required","input":{"ts":"2025-12-12T17:45:49.258114+00:00","run_id":"8b8880c2-a665-47c7-b94b-766f1498e37f","stage":"ext'}
2025-12-14 10:28:33,943 INFO extract: HTTP 200, 168 hourly records
2025-12-14 10:28:33,992 INFO write_daily_summary: wrote 9 rows to data\daily_summary\daily_summary.csv
2025-12-14 10:28:36,314 WARNING telemetry not sent: {'sent': 0, 'cleared': False, 'error': 'HTTP 422: {"detail":[{"type":"missing","loc":["body","events",0,"event_type"],"msg":"Field required","input":{"ts":"2025-12-12T17:45:49.258114+00:00","run_id":"8b8880c2-a665-47c7-b94b-766f1498e37f","stage":"ext'}
2025-12-14 10:30:31,139 INFO extract: HTTP 200, 168 hourly records
2025-12-14 10:30:31,239 INFO write_daily_summary: wrote 9 rows to data\daily_summary\daily_summary.csv
2025-12-14 10:30:33,594 WARNING telemetry not sent: {'sent': 0, 'cleared': False, 'error': 'HTTP 422: {"detail":[{"type":"missing","loc":["body","events",0,"event_type"],"msg":"Field required","input":{"ts":"2025-12-12T17:45:49.258114+00:00","run_id":"8b8880c2-a665-47c7-b94b-766f1498e37f","stage":"ext'}
2025-12-14 10:31:00,729 INFO extract: HTTP 200, 168 hourly records
2025-12-14 10:31:00,816 INFO write_daily_summary: wrote 9 rows to data\daily_summary\daily_summary.csv
2025-12-14 10:31:03,151 WARNING telemetry not sent: {'sent': 0, 'cleared': False, 'error': 'HTTP 422: {"detail":[{"type":"missing","loc":["body","events",0,"status"],"msg":"Field required","input":{"system_id":3,"ts":"2025-12-14T14:30:59.973794+00:00","run_id":"fccf5ef8-206e-42dc-ab08-2c6262c46340","s'}
2025-12-14 10:32:32,803 INFO extract: HTTP 200, 168 hourly records
2025-12-14 10:32:32,929 INFO write_daily_summary: wrote 9 rows to data\daily_summary\daily_summary.csv
2025-12-14 10:32:35,271 WARNING telemetry not sent: {'sent': 0, 'cleared': False, 'error': 'HTTP 422: {"detail":[{"type":"enum","loc":["body","events",0,"status"],"msg":"Input should be \'ok\' or \'error\'","input":"running","ctx":{"expected":"\'ok\' or \'error\'"}},{"type":"missing","loc":["body","events",0,'}
2025-12-14 10:33:11,262 INFO extract: HTTP 200, 168 hourly records
2025-12-14 10:33:11,319 INFO write_daily_summary: wrote 9 rows to data\daily_summary\daily_summary.csv
2025-12-14 10:33:13,657 WARNING telemetry not sent: {'sent': 0, 'cleared': False, 'error': 'HTTP 422: {"detail":[{"type":"missing","loc":["body","events",0,"latency_ms"],"msg":"Field required","input":{"system_id":3,"ts":"2025-12-14T14:33:10.529060+00:00","run_id":"1d707c37-905c-46db-a301-231436f80358'}
2025-12-14 10:33:53,110 INFO extract: HTTP 200, 168 hourly records
2025-12-14 10:33:53,157 INFO write_daily_summary: wrote 9 rows to data\daily_summary\daily_summary.csv
